<?xml version="1.0" encoding="UTF-8"?>
<!-- Generated by org.testng.reporters.JUnitXMLReporter -->
<testsuite ignored="0" hostname="DESKTOP-4F545DN" failures="0" tests="12" name="Default test" time="3.232" errors="0" timestamp="2022-06-30T23:56:10 IST">
  <testcase classname="com.rcb.TestCase.TC01_ValidateForeignPlayers" name="ForeignPlayersCount" time="0.015"/>
  <testcase classname="com.rcb.TestCase.TC01_ValidateForeignPlayers" name="ForeignPlayersCount" time="0.004"/>
  <testcase classname="com.rcb.TestCase.TC01_ValidateForeignPlayers" name="ForeignPlayersCount" time="0.006"/>
  <testcase classname="com.rcb.TestCase.TC01_ValidateForeignPlayers" name="ForeignPlayersCount" time="0.005"/>
  <testcase classname="com.rcb.TestCase.TC01_ValidateForeignPlayers" name="ForeignPlayersCount" time="0.007"/>
  <testcase classname="com.rcb.TestCase.TC01_ValidateForeignPlayers" name="ForeignPlayersCount" time="0.006"/>
  <testcase classname="com.rcb.TestCase.TC01_ValidateForeignPlayers" name="ForeignPlayersCount" time="0.008"/>
  <testcase classname="com.rcb.TestCase.TC01_ValidateForeignPlayers" name="ForeignPlayersCount" time="0.004"/>
  <testcase classname="com.rcb.TestCase.TC01_ValidateForeignPlayers" name="ForeignPlayersCount" time="0.001"/>
  <testcase classname="com.rcb.TestCase.TC01_ValidateForeignPlayers" name="ForeignPlayersCount" time="0.005"/>
  <testcase classname="com.rcb.TestCase.TC01_ValidateForeignPlayers" name="ForeignPlayersCount" time="0.001"/>
  <testcase classname="com.rcb.TestCase.TC01_ValidateForeignPlayers" name="teamHas4ForeignPlayers" time="0.008"/>
</testsuite> <!-- Default test -->
