<?xml version="1.0" encoding="UTF-8"?>
<!-- Generated by org.testng.reporters.JUnitXMLReporter -->
<testsuite ignored="0" hostname="DESKTOP-4F545DN" failures="0" tests="24" name="Test" time="2.918" errors="0" timestamp="2022-06-30T20:22:30 IST">
  <testcase classname="com.rcb.TestCase.TC01_ValidateForeignPlayers" name="ForeignPlayersCount" time="0.012"/>
  <testcase classname="com.rcb.TestCase.TC01_ValidateForeignPlayers" name="ForeignPlayersCount" time="0.002"/>
  <testcase classname="com.rcb.TestCase.TC01_ValidateForeignPlayers" name="ForeignPlayersCount" time="0.007"/>
  <testcase classname="com.rcb.TestCase.TC01_ValidateForeignPlayers" name="ForeignPlayersCount" time="0.003"/>
  <testcase classname="com.rcb.TestCase.TC01_ValidateForeignPlayers" name="ForeignPlayersCount" time="0.002"/>
  <testcase classname="com.rcb.TestCase.TC01_ValidateForeignPlayers" name="ForeignPlayersCount" time="0.002"/>
  <testcase classname="com.rcb.TestCase.TC01_ValidateForeignPlayers" name="ForeignPlayersCount" time="0.003"/>
  <testcase classname="com.rcb.TestCase.TC01_ValidateForeignPlayers" name="ForeignPlayersCount" time="0.001"/>
  <testcase classname="com.rcb.TestCase.TC01_ValidateForeignPlayers" name="ForeignPlayersCount" time="0.001"/>
  <testcase classname="com.rcb.TestCase.TC01_ValidateForeignPlayers" name="ForeignPlayersCount" time="0.003"/>
  <testcase classname="com.rcb.TestCase.TC01_ValidateForeignPlayers" name="ForeignPlayersCount" time="0.003"/>
  <testcase classname="com.rcb.TestCase.TC01_ValidateForeignPlayers" name="teamHas4ForeignPlayers" time="0.005"/>
  <testcase classname="com.rcb.TestCase.TC02_ValidateWicketKeeper" name="ForeignPlayersCount" time="0.002"/>
  <testcase classname="com.rcb.TestCase.TC02_ValidateWicketKeeper" name="ForeignPlayersCount" time="0.002"/>
  <testcase classname="com.rcb.TestCase.TC02_ValidateWicketKeeper" name="ForeignPlayersCount" time="0.002"/>
  <testcase classname="com.rcb.TestCase.TC02_ValidateWicketKeeper" name="ForeignPlayersCount" time="0.002"/>
  <testcase classname="com.rcb.TestCase.TC02_ValidateWicketKeeper" name="ForeignPlayersCount" time="0.001"/>
  <testcase classname="com.rcb.TestCase.TC02_ValidateWicketKeeper" name="ForeignPlayersCount" time="0.001"/>
  <testcase classname="com.rcb.TestCase.TC02_ValidateWicketKeeper" name="ForeignPlayersCount" time="0.001"/>
  <testcase classname="com.rcb.TestCase.TC02_ValidateWicketKeeper" name="ForeignPlayersCount" time="0.0"/>
  <testcase classname="com.rcb.TestCase.TC02_ValidateWicketKeeper" name="ForeignPlayersCount" time="0.001"/>
  <testcase classname="com.rcb.TestCase.TC02_ValidateWicketKeeper" name="ForeignPlayersCount" time="0.002"/>
  <testcase classname="com.rcb.TestCase.TC02_ValidateWicketKeeper" name="ForeignPlayersCount" time="0.001"/>
  <testcase classname="com.rcb.TestCase.TC02_ValidateWicketKeeper" name="atLeastOnewicketKeeper" time="0.006"/>
</testsuite> <!-- Test -->
