<?xml version="1.0" encoding="UTF-8"?>
<!-- Generated by org.testng.reporters.JUnitXMLReporter -->
<testsuite ignored="0" hostname="DESKTOP-4F545DN" failures="0" tests="24" name="ValidateForeignPlayers" time="3.63" errors="0" timestamp="2022-07-01T00:04:18 IST">
  <testcase classname="com.rcb.TestCase.TC01_ValidateForeignPlayers" name="ForeignPlayersCount" time="0.008"/>
  <testcase classname="com.rcb.TestCase.TC01_ValidateForeignPlayers" name="ForeignPlayersCount" time="0.002"/>
  <testcase classname="com.rcb.TestCase.TC01_ValidateForeignPlayers" name="ForeignPlayersCount" time="0.008"/>
  <testcase classname="com.rcb.TestCase.TC01_ValidateForeignPlayers" name="ForeignPlayersCount" time="0.002"/>
  <testcase classname="com.rcb.TestCase.TC01_ValidateForeignPlayers" name="ForeignPlayersCount" time="0.006"/>
  <testcase classname="com.rcb.TestCase.TC01_ValidateForeignPlayers" name="ForeignPlayersCount" time="0.001"/>
  <testcase classname="com.rcb.TestCase.TC01_ValidateForeignPlayers" name="ForeignPlayersCount" time="0.002"/>
  <testcase classname="com.rcb.TestCase.TC01_ValidateForeignPlayers" name="ForeignPlayersCount" time="0.003"/>
  <testcase classname="com.rcb.TestCase.TC01_ValidateForeignPlayers" name="ForeignPlayersCount" time="0.002"/>
  <testcase classname="com.rcb.TestCase.TC01_ValidateForeignPlayers" name="ForeignPlayersCount" time="0.005"/>
  <testcase classname="com.rcb.TestCase.TC01_ValidateForeignPlayers" name="ForeignPlayersCount" time="0.003"/>
  <testcase classname="com.rcb.TestCase.TC01_ValidateForeignPlayers" name="teamHas4ForeignPlayers" time="0.008"/>
  <testcase classname="com.rcb.TestCase.TC02_ValidateWicketKeeper" name="noOfWicketKeeper" time="0.001"/>
  <testcase classname="com.rcb.TestCase.TC02_ValidateWicketKeeper" name="noOfWicketKeeper" time="0.001"/>
  <testcase classname="com.rcb.TestCase.TC02_ValidateWicketKeeper" name="noOfWicketKeeper" time="0.001"/>
  <testcase classname="com.rcb.TestCase.TC02_ValidateWicketKeeper" name="noOfWicketKeeper" time="0.003"/>
  <testcase classname="com.rcb.TestCase.TC02_ValidateWicketKeeper" name="noOfWicketKeeper" time="0.001"/>
  <testcase classname="com.rcb.TestCase.TC02_ValidateWicketKeeper" name="noOfWicketKeeper" time="0.001"/>
  <testcase classname="com.rcb.TestCase.TC02_ValidateWicketKeeper" name="noOfWicketKeeper" time="0.001"/>
  <testcase classname="com.rcb.TestCase.TC02_ValidateWicketKeeper" name="noOfWicketKeeper" time="0.001"/>
  <testcase classname="com.rcb.TestCase.TC02_ValidateWicketKeeper" name="noOfWicketKeeper" time="0.004"/>
  <testcase classname="com.rcb.TestCase.TC02_ValidateWicketKeeper" name="noOfWicketKeeper" time="0.003"/>
  <testcase classname="com.rcb.TestCase.TC02_ValidateWicketKeeper" name="noOfWicketKeeper" time="0.002"/>
  <testcase classname="com.rcb.TestCase.TC02_ValidateWicketKeeper" name="atLeastOneWicketKeeper" time="0.007"/>
</testsuite> <!-- ValidateForeignPlayers -->
