<?xml version="1.0" encoding="UTF-8"?>
<!-- Generated by org.testng.reporters.JUnitXMLReporter -->
<testsuite ignored="0" hostname="DESKTOP-4F545DN" failures="0" tests="12" name="ValidateWicketKeeper" time="0.175" errors="0" timestamp="2022-06-30T23:56:49 IST">
  <testcase classname="com.rcb.TestCase.TC02_ValidateWicketKeeper" name="noOfWicketKeeper" time="0.001"/>
  <testcase classname="com.rcb.TestCase.TC02_ValidateWicketKeeper" name="noOfWicketKeeper" time="0.002"/>
  <testcase classname="com.rcb.TestCase.TC02_ValidateWicketKeeper" name="noOfWicketKeeper" time="0.003"/>
  <testcase classname="com.rcb.TestCase.TC02_ValidateWicketKeeper" name="noOfWicketKeeper" time="0.001"/>
  <testcase classname="com.rcb.TestCase.TC02_ValidateWicketKeeper" name="noOfWicketKeeper" time="0.007"/>
  <testcase classname="com.rcb.TestCase.TC02_ValidateWicketKeeper" name="noOfWicketKeeper" time="0.004"/>
  <testcase classname="com.rcb.TestCase.TC02_ValidateWicketKeeper" name="noOfWicketKeeper" time="0.002"/>
  <testcase classname="com.rcb.TestCase.TC02_ValidateWicketKeeper" name="noOfWicketKeeper" time="0.002"/>
  <testcase classname="com.rcb.TestCase.TC02_ValidateWicketKeeper" name="noOfWicketKeeper" time="0.013"/>
  <testcase classname="com.rcb.TestCase.TC02_ValidateWicketKeeper" name="noOfWicketKeeper" time="0.002"/>
  <testcase classname="com.rcb.TestCase.TC02_ValidateWicketKeeper" name="noOfWicketKeeper" time="0.001"/>
  <testcase classname="com.rcb.TestCase.TC02_ValidateWicketKeeper" name="atLeastOneWicketKeeper" time="0.003"/>
</testsuite> <!-- ValidateWicketKeeper -->
