<?xml version="1.0" encoding="UTF-8"?>
<testng-results ignored="0" total="24" passed="24" failed="0" skipped="0">
  <reporter-output>
  </reporter-output>
  <suite started-at="2022-07-01T00:04:13 IST" name="Suite" finished-at="2022-07-01T00:04:17 IST" duration-ms="3630">
    <groups>
    </groups>
    <test started-at="2022-07-01T00:04:13 IST" name="ValidateForeignPlayers" finished-at="2022-07-01T00:04:17 IST" duration-ms="3630">
      <class name="com.rcb.TestCase.TC01_ValidateForeignPlayers">
        <test-method is-config="true" signature="setUp()[pri:0, instance:com.rcb.TestCase.TC01_ValidateForeignPlayers@4f18837a]" started-at="2022-07-01T00:04:14 IST" name="setUp" finished-at="2022-07-01T00:04:14 IST" duration-ms="53" status="PASS">
          <reporter-output>
          </reporter-output>
        </test-method> <!-- setUp -->
        <test-method signature="ForeignPlayersCount(java.lang.Object)[pri:0, instance:com.rcb.TestCase.TC01_ValidateForeignPlayers@4f18837a]" started-at="2022-07-01T00:04:16 IST" name="ForeignPlayersCount" data-provider="RcbTeam_Country" finished-at="2022-07-01T00:04:16 IST" duration-ms="8" status="PASS">
          <params>
            <param index="0">
              <value>
                <![CDATA[South Africa]]>
              </value>
            </param>
          </params>
          <reporter-output>
          </reporter-output>
        </test-method> <!-- ForeignPlayersCount -->
        <test-method signature="ForeignPlayersCount(java.lang.Object)[pri:0, instance:com.rcb.TestCase.TC01_ValidateForeignPlayers@4f18837a]" started-at="2022-07-01T00:04:16 IST" name="ForeignPlayersCount" data-provider="RcbTeam_Country" finished-at="2022-07-01T00:04:16 IST" duration-ms="2" status="PASS">
          <params>
            <param index="0">
              <value>
                <![CDATA[India]]>
              </value>
            </param>
          </params>
          <reporter-output>
          </reporter-output>
        </test-method> <!-- ForeignPlayersCount -->
        <test-method signature="ForeignPlayersCount(java.lang.Object)[pri:0, instance:com.rcb.TestCase.TC01_ValidateForeignPlayers@4f18837a]" started-at="2022-07-01T00:04:16 IST" name="ForeignPlayersCount" data-provider="RcbTeam_Country" finished-at="2022-07-01T00:04:16 IST" duration-ms="8" status="PASS">
          <params>
            <param index="0">
              <value>
                <![CDATA[Australia]]>
              </value>
            </param>
          </params>
          <reporter-output>
          </reporter-output>
        </test-method> <!-- ForeignPlayersCount -->
        <test-method signature="ForeignPlayersCount(java.lang.Object)[pri:0, instance:com.rcb.TestCase.TC01_ValidateForeignPlayers@4f18837a]" started-at="2022-07-01T00:04:16 IST" name="ForeignPlayersCount" data-provider="RcbTeam_Country" finished-at="2022-07-01T00:04:16 IST" duration-ms="2" status="PASS">
          <params>
            <param index="0">
              <value>
                <![CDATA[India]]>
              </value>
            </param>
          </params>
          <reporter-output>
          </reporter-output>
        </test-method> <!-- ForeignPlayersCount -->
        <test-method signature="ForeignPlayersCount(java.lang.Object)[pri:0, instance:com.rcb.TestCase.TC01_ValidateForeignPlayers@4f18837a]" started-at="2022-07-01T00:04:16 IST" name="ForeignPlayersCount" data-provider="RcbTeam_Country" finished-at="2022-07-01T00:04:16 IST" duration-ms="6" status="PASS">
          <params>
            <param index="0">
              <value>
                <![CDATA[India]]>
              </value>
            </param>
          </params>
          <reporter-output>
          </reporter-output>
        </test-method> <!-- ForeignPlayersCount -->
        <test-method signature="ForeignPlayersCount(java.lang.Object)[pri:0, instance:com.rcb.TestCase.TC01_ValidateForeignPlayers@4f18837a]" started-at="2022-07-01T00:04:16 IST" name="ForeignPlayersCount" data-provider="RcbTeam_Country" finished-at="2022-07-01T00:04:16 IST" duration-ms="1" status="PASS">
          <params>
            <param index="0">
              <value>
                <![CDATA[Srilanka]]>
              </value>
            </param>
          </params>
          <reporter-output>
          </reporter-output>
        </test-method> <!-- ForeignPlayersCount -->
        <test-method signature="ForeignPlayersCount(java.lang.Object)[pri:0, instance:com.rcb.TestCase.TC01_ValidateForeignPlayers@4f18837a]" started-at="2022-07-01T00:04:16 IST" name="ForeignPlayersCount" data-provider="RcbTeam_Country" finished-at="2022-07-01T00:04:16 IST" duration-ms="2" status="PASS">
          <params>
            <param index="0">
              <value>
                <![CDATA[India]]>
              </value>
            </param>
          </params>
          <reporter-output>
          </reporter-output>
        </test-method> <!-- ForeignPlayersCount -->
        <test-method signature="ForeignPlayersCount(java.lang.Object)[pri:0, instance:com.rcb.TestCase.TC01_ValidateForeignPlayers@4f18837a]" started-at="2022-07-01T00:04:16 IST" name="ForeignPlayersCount" data-provider="RcbTeam_Country" finished-at="2022-07-01T00:04:16 IST" duration-ms="3" status="PASS">
          <params>
            <param index="0">
              <value>
                <![CDATA[India]]>
              </value>
            </param>
          </params>
          <reporter-output>
          </reporter-output>
        </test-method> <!-- ForeignPlayersCount -->
        <test-method signature="ForeignPlayersCount(java.lang.Object)[pri:0, instance:com.rcb.TestCase.TC01_ValidateForeignPlayers@4f18837a]" started-at="2022-07-01T00:04:16 IST" name="ForeignPlayersCount" data-provider="RcbTeam_Country" finished-at="2022-07-01T00:04:17 IST" duration-ms="2" status="PASS">
          <params>
            <param index="0">
              <value>
                <![CDATA[India]]>
              </value>
            </param>
          </params>
          <reporter-output>
          </reporter-output>
        </test-method> <!-- ForeignPlayersCount -->
        <test-method signature="ForeignPlayersCount(java.lang.Object)[pri:0, instance:com.rcb.TestCase.TC01_ValidateForeignPlayers@4f18837a]" started-at="2022-07-01T00:04:17 IST" name="ForeignPlayersCount" data-provider="RcbTeam_Country" finished-at="2022-07-01T00:04:17 IST" duration-ms="5" status="PASS">
          <params>
            <param index="0">
              <value>
                <![CDATA[Australia]]>
              </value>
            </param>
          </params>
          <reporter-output>
          </reporter-output>
        </test-method> <!-- ForeignPlayersCount -->
        <test-method signature="ForeignPlayersCount(java.lang.Object)[pri:0, instance:com.rcb.TestCase.TC01_ValidateForeignPlayers@4f18837a]" started-at="2022-07-01T00:04:17 IST" name="ForeignPlayersCount" data-provider="RcbTeam_Country" finished-at="2022-07-01T00:04:17 IST" duration-ms="3" status="PASS">
          <params>
            <param index="0">
              <value>
                <![CDATA[India]]>
              </value>
            </param>
          </params>
          <reporter-output>
          </reporter-output>
        </test-method> <!-- ForeignPlayersCount -->
        <test-method signature="teamHas4ForeignPlayers()[pri:1, instance:com.rcb.TestCase.TC01_ValidateForeignPlayers@4f18837a]" started-at="2022-07-01T00:04:17 IST" name="teamHas4ForeignPlayers" finished-at="2022-07-01T00:04:17 IST" duration-ms="8" status="PASS">
          <reporter-output>
          </reporter-output>
        </test-method> <!-- teamHas4ForeignPlayers -->
      </class> <!-- com.rcb.TestCase.TC01_ValidateForeignPlayers -->
      <class name="com.rcb.TestCase.TC02_ValidateWicketKeeper">
        <test-method is-config="true" signature="setUp()[pri:0, instance:com.rcb.TestCase.TC02_ValidateWicketKeeper@4fb0f2b9]" started-at="2022-07-01T00:04:17 IST" name="setUp" finished-at="2022-07-01T00:04:17 IST" duration-ms="4" status="PASS">
          <reporter-output>
          </reporter-output>
        </test-method> <!-- setUp -->
        <test-method signature="noOfWicketKeeper(java.lang.Object)[pri:0, instance:com.rcb.TestCase.TC02_ValidateWicketKeeper@4fb0f2b9]" started-at="2022-07-01T00:04:17 IST" name="noOfWicketKeeper" data-provider="RcbTeamRole" finished-at="2022-07-01T00:04:17 IST" duration-ms="1" status="PASS">
          <params>
            <param index="0">
              <value>
                <![CDATA[Batsman]]>
              </value>
            </param>
          </params>
          <reporter-output>
          </reporter-output>
        </test-method> <!-- noOfWicketKeeper -->
        <test-method signature="noOfWicketKeeper(java.lang.Object)[pri:0, instance:com.rcb.TestCase.TC02_ValidateWicketKeeper@4fb0f2b9]" started-at="2022-07-01T00:04:17 IST" name="noOfWicketKeeper" data-provider="RcbTeamRole" finished-at="2022-07-01T00:04:17 IST" duration-ms="1" status="PASS">
          <params>
            <param index="0">
              <value>
                <![CDATA[Batsman]]>
              </value>
            </param>
          </params>
          <reporter-output>
          </reporter-output>
        </test-method> <!-- noOfWicketKeeper -->
        <test-method signature="noOfWicketKeeper(java.lang.Object)[pri:0, instance:com.rcb.TestCase.TC02_ValidateWicketKeeper@4fb0f2b9]" started-at="2022-07-01T00:04:17 IST" name="noOfWicketKeeper" data-provider="RcbTeamRole" finished-at="2022-07-01T00:04:17 IST" duration-ms="1" status="PASS">
          <params>
            <param index="0">
              <value>
                <![CDATA[Batsman]]>
              </value>
            </param>
          </params>
          <reporter-output>
          </reporter-output>
        </test-method> <!-- noOfWicketKeeper -->
        <test-method signature="noOfWicketKeeper(java.lang.Object)[pri:0, instance:com.rcb.TestCase.TC02_ValidateWicketKeeper@4fb0f2b9]" started-at="2022-07-01T00:04:17 IST" name="noOfWicketKeeper" data-provider="RcbTeamRole" finished-at="2022-07-01T00:04:17 IST" duration-ms="3" status="PASS">
          <params>
            <param index="0">
              <value>
                <![CDATA[Bowler]]>
              </value>
            </param>
          </params>
          <reporter-output>
          </reporter-output>
        </test-method> <!-- noOfWicketKeeper -->
        <test-method signature="noOfWicketKeeper(java.lang.Object)[pri:0, instance:com.rcb.TestCase.TC02_ValidateWicketKeeper@4fb0f2b9]" started-at="2022-07-01T00:04:17 IST" name="noOfWicketKeeper" data-provider="RcbTeamRole" finished-at="2022-07-01T00:04:17 IST" duration-ms="1" status="PASS">
          <params>
            <param index="0">
              <value>
                <![CDATA[Bowler]]>
              </value>
            </param>
          </params>
          <reporter-output>
          </reporter-output>
        </test-method> <!-- noOfWicketKeeper -->
        <test-method signature="noOfWicketKeeper(java.lang.Object)[pri:0, instance:com.rcb.TestCase.TC02_ValidateWicketKeeper@4fb0f2b9]" started-at="2022-07-01T00:04:17 IST" name="noOfWicketKeeper" data-provider="RcbTeamRole" finished-at="2022-07-01T00:04:17 IST" duration-ms="1" status="PASS">
          <params>
            <param index="0">
              <value>
                <![CDATA[Bowler]]>
              </value>
            </param>
          </params>
          <reporter-output>
          </reporter-output>
        </test-method> <!-- noOfWicketKeeper -->
        <test-method signature="noOfWicketKeeper(java.lang.Object)[pri:0, instance:com.rcb.TestCase.TC02_ValidateWicketKeeper@4fb0f2b9]" started-at="2022-07-01T00:04:17 IST" name="noOfWicketKeeper" data-provider="RcbTeamRole" finished-at="2022-07-01T00:04:17 IST" duration-ms="1" status="PASS">
          <params>
            <param index="0">
              <value>
                <![CDATA[Wicket-keeper]]>
              </value>
            </param>
          </params>
          <reporter-output>
          </reporter-output>
        </test-method> <!-- noOfWicketKeeper -->
        <test-method signature="noOfWicketKeeper(java.lang.Object)[pri:0, instance:com.rcb.TestCase.TC02_ValidateWicketKeeper@4fb0f2b9]" started-at="2022-07-01T00:04:17 IST" name="noOfWicketKeeper" data-provider="RcbTeamRole" finished-at="2022-07-01T00:04:17 IST" duration-ms="1" status="PASS">
          <params>
            <param index="0">
              <value>
                <![CDATA[All-Rounder]]>
              </value>
            </param>
          </params>
          <reporter-output>
          </reporter-output>
        </test-method> <!-- noOfWicketKeeper -->
        <test-method signature="noOfWicketKeeper(java.lang.Object)[pri:0, instance:com.rcb.TestCase.TC02_ValidateWicketKeeper@4fb0f2b9]" started-at="2022-07-01T00:04:17 IST" name="noOfWicketKeeper" data-provider="RcbTeamRole" finished-at="2022-07-01T00:04:17 IST" duration-ms="4" status="PASS">
          <params>
            <param index="0">
              <value>
                <![CDATA[Batsman]]>
              </value>
            </param>
          </params>
          <reporter-output>
          </reporter-output>
        </test-method> <!-- noOfWicketKeeper -->
        <test-method signature="noOfWicketKeeper(java.lang.Object)[pri:0, instance:com.rcb.TestCase.TC02_ValidateWicketKeeper@4fb0f2b9]" started-at="2022-07-01T00:04:17 IST" name="noOfWicketKeeper" data-provider="RcbTeamRole" finished-at="2022-07-01T00:04:17 IST" duration-ms="3" status="PASS">
          <params>
            <param index="0">
              <value>
                <![CDATA[Bowler]]>
              </value>
            </param>
          </params>
          <reporter-output>
          </reporter-output>
        </test-method> <!-- noOfWicketKeeper -->
        <test-method signature="noOfWicketKeeper(java.lang.Object)[pri:0, instance:com.rcb.TestCase.TC02_ValidateWicketKeeper@4fb0f2b9]" started-at="2022-07-01T00:04:17 IST" name="noOfWicketKeeper" data-provider="RcbTeamRole" finished-at="2022-07-01T00:04:17 IST" duration-ms="2" status="PASS">
          <params>
            <param index="0">
              <value>
                <![CDATA[Bowler]]>
              </value>
            </param>
          </params>
          <reporter-output>
          </reporter-output>
        </test-method> <!-- noOfWicketKeeper -->
        <test-method signature="atLeastOneWicketKeeper()[pri:1, instance:com.rcb.TestCase.TC02_ValidateWicketKeeper@4fb0f2b9]" started-at="2022-07-01T00:04:17 IST" name="atLeastOneWicketKeeper" finished-at="2022-07-01T00:04:17 IST" duration-ms="7" status="PASS">
          <reporter-output>
          </reporter-output>
        </test-method> <!-- atLeastOneWicketKeeper -->
      </class> <!-- com.rcb.TestCase.TC02_ValidateWicketKeeper -->
    </test> <!-- ValidateForeignPlayers -->
  </suite> <!-- Suite -->
</testng-results>
